<?xml version="1.0" encoding="UTF-8"?>
<!-- Generated by org.testng.reporters.JUnitXMLReporter -->
<testsuite hostname="IN-vberad-W1" ignored="0" name="Test" tests="3" failures="0" timestamp="2021-05-29T21:17:50 IST" time="0.282" errors="0">
  <testcase name="@BeforeSuite start_Docker" time="30.224" classname="com.docker.GmailTest3">
    <failure type="java.lang.AssertionError" message="Container not spinned Up expected [true] but found [false]">
      <![CDATA[java.lang.AssertionError: Container not spinned Up expected [true] but found [false]
at com.docker.DockerSetUp.start_Docker(DockerSetUp.java:59)
at com.docker.GmailTest3.start_Docker(GmailTest3.java:20)
... Removed 22 stack frames]]>
    </failure>
  </testcase> <!-- @BeforeSuite start_Docker -->
  <testcase name="validate_Google_Title" time="0.0" classname="com.docker.GmailTest3">
    <skipped/>
  </testcase> <!-- validate_Google_Title -->
  <testcase name="validate_Google_Title" time="0.0" classname="com.docker.YahooTest2">
    <skipped/>
  </testcase> <!-- validate_Google_Title -->
  <testcase name="validate_Google_Title" time="0.0" classname="com.docker.GoogleTest">
    <skipped/>
  </testcase> <!-- validate_Google_Title -->
</testsuite> <!-- Test -->
